#! /usr/local/Cellar/icarus-verilog/12.0/bin/vvp
:ivl_version "12.0 (stable)";
:ivl_delay_selection "TYPICAL";
:vpi_time_precision + 0;
:vpi_module "/usr/local/Cellar/icarus-verilog/12.0/lib/ivl/system.vpi";
:vpi_module "/usr/local/Cellar/icarus-verilog/12.0/lib/ivl/vhdl_sys.vpi";
:vpi_module "/usr/local/Cellar/icarus-verilog/12.0/lib/ivl/vhdl_textio.vpi";
:vpi_module "/usr/local/Cellar/icarus-verilog/12.0/lib/ivl/v2005_math.vpi";
:vpi_module "/usr/local/Cellar/icarus-verilog/12.0/lib/ivl/va_math.vpi";
S_0x7fea3dd04560 .scope module, "Basic" "Basic" 2 1;
 .timescale 0 0;
L_0x7fea3dc07c80 .functor AND 1, v0x7fea3dd046d0_0, v0x7fea3dc07800_0, C4<1>, C4<1>;
L_0x7fea3dc07d50 .functor XOR 1, v0x7fea3dd046d0_0, v0x7fea3dc07800_0, C4<0>, C4<0>;
L_0x7fea3dc07e80 .functor AND 1, L_0x7fea3dc07d50, v0x7fea3dc078b0_0, C4<1>, C4<1>;
L_0x7fea3dc07f30 .functor XOR 1, L_0x7fea3dc07d50, v0x7fea3dc078b0_0, C4<0>, C4<0>;
L_0x7fea3dc08020 .functor OR 1, L_0x7fea3dc07c80, L_0x7fea3dc07e80, C4<0>, C4<0>;
v0x7fea3dd046d0_0 .var "r_a", 0 0;
v0x7fea3dc07800_0 .var "r_b", 0 0;
v0x7fea3dc078b0_0 .var "r_x", 0 0;
v0x7fea3dc07960_0 .net "w_c", 0 0, L_0x7fea3dc08020;  1 drivers
v0x7fea3dc079f0_0 .net "w_c_ab", 0 0, L_0x7fea3dc07c80;  1 drivers
v0x7fea3dc07ac0_0 .net "w_c_abx", 0 0, L_0x7fea3dc07e80;  1 drivers
v0x7fea3dc07b50_0 .net "w_s", 0 0, L_0x7fea3dc07f30;  1 drivers
v0x7fea3dc07be0_0 .net "w_s_ab", 0 0, L_0x7fea3dc07d50;  1 drivers
    .scope S_0x7fea3dd04560;
T_0 ;
    %vpi_call 2 4 "$dumpfile", "wave.vcd" {0 0 0};
    %vpi_call 2 5 "$dumpvars", 32'sb00000000000000000000000000000000, S_0x7fea3dd04560 {0 0 0};
    %end;
    .thread T_0;
    .scope S_0x7fea3dd04560;
T_1 ;
    %pushi/vec4 0, 0, 1;
    %store/vec4 v0x7fea3dd046d0_0, 0, 1;
    %pushi/vec4 0, 0, 1;
    %store/vec4 v0x7fea3dc07800_0, 0, 1;
    %pushi/vec4 0, 0, 1;
    %store/vec4 v0x7fea3dc078b0_0, 0, 1;
    %delay 2, 0;
    %pushi/vec4 1, 0, 1;
    %store/vec4 v0x7fea3dd046d0_0, 0, 1;
    %pushi/vec4 0, 0, 1;
    %store/vec4 v0x7fea3dc07800_0, 0, 1;
    %pushi/vec4 0, 0, 1;
    %store/vec4 v0x7fea3dc078b0_0, 0, 1;
    %delay 2, 0;
    %pushi/vec4 0, 0, 1;
    %store/vec4 v0x7fea3dd046d0_0, 0, 1;
    %pushi/vec4 1, 0, 1;
    %store/vec4 v0x7fea3dc07800_0, 0, 1;
    %pushi/vec4 0, 0, 1;
    %store/vec4 v0x7fea3dc078b0_0, 0, 1;
    %delay 2, 0;
    %pushi/vec4 1, 0, 1;
    %store/vec4 v0x7fea3dd046d0_0, 0, 1;
    %pushi/vec4 1, 0, 1;
    %store/vec4 v0x7fea3dc07800_0, 0, 1;
    %pushi/vec4 0, 0, 1;
    %store/vec4 v0x7fea3dc078b0_0, 0, 1;
    %delay 2, 0;
    %pushi/vec4 0, 0, 1;
    %store/vec4 v0x7fea3dd046d0_0, 0, 1;
    %pushi/vec4 0, 0, 1;
    %store/vec4 v0x7fea3dc07800_0, 0, 1;
    %pushi/vec4 1, 0, 1;
    %store/vec4 v0x7fea3dc078b0_0, 0, 1;
    %delay 2, 0;
    %pushi/vec4 1, 0, 1;
    %store/vec4 v0x7fea3dd046d0_0, 0, 1;
    %pushi/vec4 0, 0, 1;
    %store/vec4 v0x7fea3dc07800_0, 0, 1;
    %pushi/vec4 1, 0, 1;
    %store/vec4 v0x7fea3dc078b0_0, 0, 1;
    %delay 2, 0;
    %pushi/vec4 0, 0, 1;
    %store/vec4 v0x7fea3dd046d0_0, 0, 1;
    %pushi/vec4 1, 0, 1;
    %store/vec4 v0x7fea3dc07800_0, 0, 1;
    %pushi/vec4 1, 0, 1;
    %store/vec4 v0x7fea3dc078b0_0, 0, 1;
    %delay 2, 0;
    %pushi/vec4 1, 0, 1;
    %store/vec4 v0x7fea3dd046d0_0, 0, 1;
    %pushi/vec4 1, 0, 1;
    %store/vec4 v0x7fea3dc07800_0, 0, 1;
    %pushi/vec4 1, 0, 1;
    %store/vec4 v0x7fea3dc078b0_0, 0, 1;
    %delay 2, 0;
    %vpi_call 2 59 "$finish" {0 0 0};
    %end;
    .thread T_1;
# The file index is used to find the file name in the following table.
:file_names 3;
    "N/A";
    "<interactive>";
    "Basic.v";
