#! /usr/local/Cellar/icarus-verilog/12.0/bin/vvp
:ivl_version "12.0 (stable)";
:ivl_delay_selection "TYPICAL";
:vpi_time_precision + 0;
:vpi_module "/usr/local/Cellar/icarus-verilog/12.0/lib/ivl/system.vpi";
:vpi_module "/usr/local/Cellar/icarus-verilog/12.0/lib/ivl/vhdl_sys.vpi";
:vpi_module "/usr/local/Cellar/icarus-verilog/12.0/lib/ivl/vhdl_textio.vpi";
:vpi_module "/usr/local/Cellar/icarus-verilog/12.0/lib/ivl/v2005_math.vpi";
:vpi_module "/usr/local/Cellar/icarus-verilog/12.0/lib/ivl/va_math.vpi";
S_0x7fe5e9304ef0 .scope module, "AdvanceDff_tb" "AdvanceDff_tb" 2 1;
 .timescale 0 0;
v0x7fe5e90111e0_0 .var "i_clk", 0 0;
v0x7fe5e90112a0_0 .var "i_data", 0 0;
v0x7fe5e9011350_0 .var "i_en", 0 0;
v0x7fe5e9011420_0 .net "o_data", 0 0, v0x7fe5e9004a70_0;  1 drivers
S_0x7fe5e9305060 .scope module, "AD" "AdvancedDff" 2 17, 3 1 0, S_0x7fe5e9304ef0;
 .timescale 0 0;
    .port_info 0 /INPUT 1 "i_clk";
    .port_info 1 /INPUT 1 "i_data";
    .port_info 2 /INPUT 1 "i_en";
    .port_info 3 /OUTPUT 1 "o_data";
v0x7fe5e93052c0_0 .net "i_clk", 0 0, v0x7fe5e90111e0_0;  1 drivers
v0x7fe5e9011050_0 .net "i_data", 0 0, v0x7fe5e90112a0_0;  1 drivers
v0x7fe5e9011100_0 .net "i_en", 0 0, v0x7fe5e9011350_0;  1 drivers
v0x7fe5e9004a70_0 .var "o_data", 0 0;
E_0x7fe5e9305280 .event posedge, v0x7fe5e93052c0_0;
    .scope S_0x7fe5e9305060;
T_0 ;
    %wait E_0x7fe5e9305280;
    %load/vec4 v0x7fe5e9011100_0;
    %flag_set/vec4 8;
    %jmp/0 T_0.0, 8;
    %load/vec4 v0x7fe5e9011050_0;
    %jmp/1 T_0.1, 8;
T_0.0 ; End of true expr.
    %load/vec4 v0x7fe5e9004a70_0;
    %jmp/0 T_0.1, 8;
 ; End of false expr.
    %blend;
T_0.1;
    %assign/vec4 v0x7fe5e9004a70_0, 0;
    %jmp T_0;
    .thread T_0;
    .scope S_0x7fe5e9304ef0;
T_1 ;
    %pushi/vec4 0, 0, 1;
    %store/vec4 v0x7fe5e90111e0_0, 0, 1;
    %pushi/vec4 0, 0, 1;
    %store/vec4 v0x7fe5e90112a0_0, 0, 1;
    %pushi/vec4 0, 0, 1;
    %store/vec4 v0x7fe5e9011350_0, 0, 1;
    %end;
    .thread T_1;
    .scope S_0x7fe5e9304ef0;
T_2 ;
    %vpi_call 2 4 "$dumpfile", "wave.vcd" {0 0 0};
    %vpi_call 2 5 "$dumpvars", 32'sb00000000000000000000000000000000, S_0x7fe5e9305060 {0 0 0};
    %end;
    .thread T_2;
    .scope S_0x7fe5e9304ef0;
T_3 ;
    %delay 1, 0;
    %load/vec4 v0x7fe5e90111e0_0;
    %inv;
    %assign/vec4 v0x7fe5e90111e0_0, 0;
    %jmp T_3;
    .thread T_3;
    .scope S_0x7fe5e9304ef0;
T_4 ;
    %pushi/vec4 0, 0, 1;
    %store/vec4 v0x7fe5e90112a0_0, 0, 1;
    %pushi/vec4 0, 0, 1;
    %store/vec4 v0x7fe5e9011350_0, 0, 1;
    %delay 2, 0;
    %pushi/vec4 1, 0, 1;
    %store/vec4 v0x7fe5e90112a0_0, 0, 1;
    %pushi/vec4 0, 0, 1;
    %store/vec4 v0x7fe5e9011350_0, 0, 1;
    %delay 6, 0;
    %pushi/vec4 1, 0, 1;
    %store/vec4 v0x7fe5e90112a0_0, 0, 1;
    %pushi/vec4 1, 0, 1;
    %store/vec4 v0x7fe5e9011350_0, 0, 1;
    %delay 2, 0;
    %pushi/vec4 1, 0, 1;
    %store/vec4 v0x7fe5e90112a0_0, 0, 1;
    %pushi/vec4 0, 0, 1;
    %store/vec4 v0x7fe5e9011350_0, 0, 1;
    %delay 4, 0;
    %pushi/vec4 0, 0, 1;
    %store/vec4 v0x7fe5e90112a0_0, 0, 1;
    %pushi/vec4 0, 0, 1;
    %store/vec4 v0x7fe5e9011350_0, 0, 1;
    %delay 4, 0;
    %vpi_call 2 45 "$finish" {0 0 0};
    %end;
    .thread T_4;
# The file index is used to find the file name in the following table.
:file_names 4;
    "N/A";
    "<interactive>";
    "AdvancedDff_tb.v";
    "AdvancedDff.v";
