#! /usr/local/Cellar/icarus-verilog/12.0/bin/vvp
:ivl_version "12.0 (stable)";
:ivl_delay_selection "TYPICAL";
:vpi_time_precision + 0;
:vpi_module "/usr/local/Cellar/icarus-verilog/12.0/lib/ivl/system.vpi";
:vpi_module "/usr/local/Cellar/icarus-verilog/12.0/lib/ivl/vhdl_sys.vpi";
:vpi_module "/usr/local/Cellar/icarus-verilog/12.0/lib/ivl/vhdl_textio.vpi";
:vpi_module "/usr/local/Cellar/icarus-verilog/12.0/lib/ivl/v2005_math.vpi";
:vpi_module "/usr/local/Cellar/icarus-verilog/12.0/lib/ivl/va_math.vpi";
S_0x7fcc7b504900 .scope module, "problem2_tb" "problem2_tb" 2 1;
 .timescale 0 0;
v0x7fcc7b50cdc0_0 .var "i_p0", 7 0;
v0x7fcc7b50ce70_0 .var "i_p1", 7 0;
v0x7fcc7b50cf20_0 .var "i_p2", 7 0;
v0x7fcc7b50cff0_0 .net "o_p", 7 0, L_0x7fcc7b50d1d0;  1 drivers
S_0x7fcc7b504a70 .scope module, "DUT" "problem2" 2 12, 3 1 0, S_0x7fcc7b504900;
 .timescale 0 0;
    .port_info 0 /INPUT 8 "i_p0";
    .port_info 1 /INPUT 8 "i_p1";
    .port_info 2 /INPUT 8 "i_p2";
    .port_info 3 /OUTPUT 8 "o_p";
L_0x7fcc7b50d0a0 .functor AND 8, v0x7fcc7b50ce70_0, v0x7fcc7b50cf20_0, C4<11111111>, C4<11111111>;
v0x7fcc7b5056b0_0 .net "i_p0", 7 0, v0x7fcc7b50cdc0_0;  1 drivers
v0x7fcc7b50ca70_0 .net "i_p1", 7 0, v0x7fcc7b50ce70_0;  1 drivers
v0x7fcc7b50cb20_0 .net "i_p2", 7 0, v0x7fcc7b50cf20_0;  1 drivers
v0x7fcc7b50cbe0_0 .net "o_p", 7 0, L_0x7fcc7b50d1d0;  alias, 1 drivers
v0x7fcc7b50cc90_0 .net "w_p0", 7 0, L_0x7fcc7b50d0a0;  1 drivers
L_0x7fcc7b50d1d0 .arith/sum 8, L_0x7fcc7b50d0a0, v0x7fcc7b50cdc0_0;
    .scope S_0x7fcc7b504900;
T_0 ;
    %vpi_call 2 8 "$dumpfile", "wave.vcd" {0 0 0};
    %vpi_call 2 9 "$dumpvars", 32'sb00000000000000000000000000000000, S_0x7fcc7b504a70 {0 0 0};
    %end;
    .thread T_0;
    .scope S_0x7fcc7b504900;
T_1 ;
    %pushi/vec4 85, 0, 8;
    %store/vec4 v0x7fcc7b50cdc0_0, 0, 8;
    %pushi/vec4 119, 0, 8;
    %store/vec4 v0x7fcc7b50ce70_0, 0, 8;
    %pushi/vec4 1, 0, 8;
    %store/vec4 v0x7fcc7b50cf20_0, 0, 8;
    %delay 2, 0;
    %vpi_call 2 24 "$display", "o_p = %02x", v0x7fcc7b50cff0_0 {0 0 0};
    %pushi/vec4 240, 0, 8;
    %store/vec4 v0x7fcc7b50cdc0_0, 0, 8;
    %pushi/vec4 85, 0, 8;
    %store/vec4 v0x7fcc7b50ce70_0, 0, 8;
    %pushi/vec4 90, 0, 8;
    %store/vec4 v0x7fcc7b50cf20_0, 0, 8;
    %delay 2, 0;
    %vpi_call 2 29 "$display", "o_p = %02x", v0x7fcc7b50cff0_0 {0 0 0};
    %pushi/vec4 255, 0, 8;
    %store/vec4 v0x7fcc7b50cdc0_0, 0, 8;
    %pushi/vec4 136, 0, 8;
    %store/vec4 v0x7fcc7b50ce70_0, 0, 8;
    %pushi/vec4 17, 0, 8;
    %store/vec4 v0x7fcc7b50cf20_0, 0, 8;
    %delay 2, 0;
    %vpi_call 2 34 "$display", "o_p = %02x", v0x7fcc7b50cff0_0 {0 0 0};
    %vpi_call 2 35 "$finish" {0 0 0};
    %end;
    .thread T_1;
# The file index is used to find the file name in the following table.
:file_names 4;
    "N/A";
    "<interactive>";
    "problem2_tb.v";
    "problem2.v";
