#! /usr/local/Cellar/icarus-verilog/12.0/bin/vvp
:ivl_version "12.0 (stable)";
:ivl_delay_selection "TYPICAL";
:vpi_time_precision + 0;
:vpi_module "/usr/local/Cellar/icarus-verilog/12.0/lib/ivl/system.vpi";
:vpi_module "/usr/local/Cellar/icarus-verilog/12.0/lib/ivl/vhdl_sys.vpi";
:vpi_module "/usr/local/Cellar/icarus-verilog/12.0/lib/ivl/vhdl_textio.vpi";
:vpi_module "/usr/local/Cellar/icarus-verilog/12.0/lib/ivl/v2005_math.vpi";
:vpi_module "/usr/local/Cellar/icarus-verilog/12.0/lib/ivl/va_math.vpi";
S_0x7fe217404450 .scope module, "problem3_tb" "problem3_tb" 2 1;
 .timescale 0 0;
v0x7fe217414a40_0 .var "i_p0", 15 0;
v0x7fe217414af0_0 .var "i_p1", 15 0;
v0x7fe217414ba0_0 .net "o_p", 15 0, L_0x7fe217414d40;  1 drivers
S_0x7fe2174045c0 .scope module, "DUT" "problem3" 2 11, 3 1 0, S_0x7fe217404450;
 .timescale 0 0;
    .port_info 0 /INPUT 16 "i_p0";
    .port_info 1 /INPUT 16 "i_p1";
    .port_info 2 /OUTPUT 16 "o_p";
L_0x7fe217414c70 .functor NOT 16, v0x7fe217414a40_0, C4<0000000000000000>, C4<0000000000000000>, C4<0000000000000000>;
L_0x7fe217414d40 .functor AND 16, L_0x7fe217414c70, v0x7fe217414af0_0, C4<1111111111111111>, C4<1111111111111111>;
v0x7fe217404780_0 .net "i_p0", 15 0, v0x7fe217414a40_0;  1 drivers
v0x7fe2174147d0_0 .net "i_p1", 15 0, v0x7fe217414af0_0;  1 drivers
v0x7fe217414880_0 .net "o_p", 15 0, L_0x7fe217414d40;  alias, 1 drivers
v0x7fe217414940_0 .net "w_p0", 15 0, L_0x7fe217414c70;  1 drivers
    .scope S_0x7fe217404450;
T_0 ;
    %vpi_call 2 7 "$dumpfile", "wave.vcd" {0 0 0};
    %vpi_call 2 8 "$dumpvars", 32'sb00000000000000000000000000000000, S_0x7fe2174045c0 {0 0 0};
    %end;
    .thread T_0;
    .scope S_0x7fe217404450;
T_1 ;
    %pushi/vec4 3855, 0, 16;
    %store/vec4 v0x7fe217414a40_0, 0, 16;
    %pushi/vec4 3855, 0, 16;
    %store/vec4 v0x7fe217414af0_0, 0, 16;
    %delay 2, 0;
    %vpi_call 2 21 "$display", "o_p = %04x", v0x7fe217414ba0_0 {0 0 0};
    %pushi/vec4 13158, 0, 16;
    %store/vec4 v0x7fe217414a40_0, 0, 16;
    %pushi/vec4 26163, 0, 16;
    %store/vec4 v0x7fe217414af0_0, 0, 16;
    %delay 2, 0;
    %vpi_call 2 25 "$display", "o_p = %04x", v0x7fe217414ba0_0 {0 0 0};
    %pushi/vec4 4660, 0, 16;
    %store/vec4 v0x7fe217414a40_0, 0, 16;
    %pushi/vec4 22136, 0, 16;
    %store/vec4 v0x7fe217414af0_0, 0, 16;
    %delay 2, 0;
    %vpi_call 2 29 "$display", "o_p = %04x", v0x7fe217414ba0_0 {0 0 0};
    %vpi_call 2 30 "$finish" {0 0 0};
    %end;
    .thread T_1;
# The file index is used to find the file name in the following table.
:file_names 4;
    "N/A";
    "<interactive>";
    "problem3_tb.v";
    "problem3.v";
